<?xml version="1.0" encoding="UTF-8"?>
<!-- Generated by org.testng.reporters.JUnitReportReporter -->
<testsuite skipped="0" hostname="Santosh-PC" name="com.crm.qa.testcases.LoginPageTest" tests="2" failures="0" timestamp="24 Jan 2019 17:23:28 GMT" time="75.601" errors="0">
  <testcase name="loginPageTest" time="11.776" classname="com.crm.qa.testcases.LoginPageTest"/>
  <testcase name="LoginTest" time="63.825" classname="com.crm.qa.testcases.LoginPageTest"/>
</testsuite> <!-- com.crm.qa.testcases.LoginPageTest -->
